<?xml version="1.0" encoding="UTF-8"?>
<!-- Generated by org.testng.reporters.JUnitXMLReporter -->
<testsuite ignored="0" hostname="LAPTOP-M2MFI3EJ" failures="0" tests="3" name="Default test" time="32.925" errors="0" timestamp="2024-11-11T17:17:52 IST">
  <testcase classname="amazonDemo.OrderDemo2" name="createaccount" time="2.582"/>
  <testcase classname="amazonDemo.OrderDemo2" name="searchheadphones" time="16.099"/>
  <testcase classname="amazonDemo.OrderDemo2" name="Cart" time="5.695"/>
</testsuite> <!-- Default test -->
