<?xml version="1.0" encoding="UTF-8"?>
<testng-results ignored="0" total="3" passed="3" failed="0" skipped="0">
  <reporter-output>
  </reporter-output>
  <suite started-at="2024-11-11T17:17:19 IST" name="Default suite" finished-at="2024-11-11T17:17:51 IST" duration-ms="32925">
    <groups>
    </groups>
    <test started-at="2024-11-11T17:17:19 IST" name="Default test" finished-at="2024-11-11T17:17:51 IST" duration-ms="32925">
      <class name="amazonDemo.OrderDemo2">
        <test-method is-config="true" signature="setup()[pri:0, instance:amazonDemo.OrderDemo2@6aeb35e6]" started-at="2024-11-11T17:17:19 IST" name="setup" finished-at="2024-11-11T17:17:27 IST" duration-ms="8053" status="PASS">
          <reporter-output>
          </reporter-output>
        </test-method> <!-- setup -->
        <test-method signature="createaccount()[pri:1, instance:amazonDemo.OrderDemo2@6aeb35e6]" started-at="2024-11-11T17:17:27 IST" name="createaccount" finished-at="2024-11-11T17:17:29 IST" duration-ms="2582" status="PASS">
          <reporter-output>
          </reporter-output>
        </test-method> <!-- createaccount -->
        <test-method signature="searchheadphones()[pri:2, instance:amazonDemo.OrderDemo2@6aeb35e6]" started-at="2024-11-11T17:17:29 IST" name="searchheadphones" finished-at="2024-11-11T17:17:45 IST" duration-ms="16099" status="PASS">
          <reporter-output>
          </reporter-output>
        </test-method> <!-- searchheadphones -->
        <test-method signature="Cart()[pri:3, instance:amazonDemo.OrderDemo2@6aeb35e6]" started-at="2024-11-11T17:17:45 IST" name="Cart" finished-at="2024-11-11T17:17:51 IST" duration-ms="5695" status="PASS">
          <reporter-output>
          </reporter-output>
        </test-method> <!-- Cart -->
        <test-method is-config="true" signature="tearDown()[pri:0, instance:amazonDemo.OrderDemo2@6aeb35e6]" started-at="2024-11-11T17:17:51 IST" name="tearDown" finished-at="2024-11-11T17:17:51 IST" duration-ms="405" status="PASS">
          <reporter-output>
          </reporter-output>
        </test-method> <!-- tearDown -->
      </class> <!-- amazonDemo.OrderDemo2 -->
    </test> <!-- Default test -->
  </suite> <!-- Default suite -->
</testng-results>
